<?xml version="1.0" encoding="UTF-8"?>
<coverage generated="1745659668825" clover="3.2.0">
  <project timestamp="1745659668825" name="All files">
    <metrics statements="12" coveredstatements="12" conditionals="7" coveredconditionals="5" methods="9" coveredmethods="9" elements="28" coveredelements="26" complexity="0" loc="12" ncloc="12" packages="1" files="1" classes="1"/>
    <file name="string-utils.js" path="/Volumes/Work/Personal/packages/smart-string-utils/src/string-utils.js">
      <metrics statements="12" coveredstatements="12" conditionals="7" coveredconditionals="5" methods="9" coveredmethods="9"/>
      <line num="1" count="1" type="stmt"/>
      <line num="3" count="3" type="cond" truecount="3" falsecount="0"/>
      <line num="5" count="1" type="stmt"/>
      <line num="7" count="1" type="stmt"/>
      <line num="9" count="1" type="stmt"/>
      <line num="13" count="1" type="stmt"/>
      <line num="16" count="1" type="stmt"/>
      <line num="19" count="1" type="cond" truecount="1" falsecount="1"/>
      <line num="22" count="1" type="cond" truecount="1" falsecount="1"/>
      <line num="25" count="1" type="stmt"/>
      <line num="28" count="1" type="stmt"/>
      <line num="31" count="2" type="stmt"/>
    </file>
  </project>
</coverage>
