{"/Volumes/Work/Personal/packages/smart-string-utils/src/string-utils.js": {"path":"/Volumes/Work/Personal/packages/smart-string-utils/src/string-utils.js","statementMap":{"0":{"start":{"line":1,"column":0},"end":{"line":33,"column":2}},"1":{"start":{"line":3,"column":4},"end":{"line":10,"column":5}},"2":{"start":{"line":5,"column":8},"end":{"line":5,"column":33}},"3":{"start":{"line":7,"column":8},"end":{"line":7,"column":33}},"4":{"start":{"line":9,"column":8},"end":{"line":9,"column":19}},"5":{"start":{"line":13,"column":4},"end":{"line":13,"column":33}},"6":{"start":{"line":16,"column":4},"end":{"line":16,"column":22}},"7":{"start":{"line":19,"column":4},"end":{"line":19,"column":46}},"8":{"start":{"line":22,"column":4},"end":{"line":22,"column":46}},"9":{"start":{"line":25,"column":4},"end":{"line":25,"column":79}},"10":{"start":{"line":25,"column":62},"end":{"line":25,"column":77}},"11":{"start":{"line":28,"column":4},"end":{"line":31,"column":63}},"12":{"start":{"line":31,"column":46},"end":{"line":31,"column":61}}},"fnMap":{"0":{"name":"(anonymous_0)","decl":{"start":{"line":2,"column":2},"end":{"line":2,"column":3}},"loc":{"start":{"line":2,"column":26},"end":{"line":11,"column":3}},"line":2},"1":{"name":"(anonymous_1)","decl":{"start":{"line":12,"column":2},"end":{"line":12,"column":3}},"loc":{"start":{"line":12,"column":17},"end":{"line":14,"column":3}},"line":12},"2":{"name":"(anonymous_2)","decl":{"start":{"line":15,"column":2},"end":{"line":15,"column":3}},"loc":{"start":{"line":15,"column":13},"end":{"line":17,"column":3}},"line":15},"3":{"name":"(anonymous_3)","decl":{"start":{"line":18,"column":2},"end":{"line":18,"column":3}},"loc":{"start":{"line":18,"column":29},"end":{"line":20,"column":3}},"line":18},"4":{"name":"(anonymous_4)","decl":{"start":{"line":21,"column":2},"end":{"line":21,"column":3}},"loc":{"start":{"line":21,"column":29},"end":{"line":23,"column":3}},"line":21},"5":{"name":"(anonymous_5)","decl":{"start":{"line":24,"column":2},"end":{"line":24,"column":3}},"loc":{"start":{"line":24,"column":19},"end":{"line":26,"column":3}},"line":24},"6":{"name":"(anonymous_6)","decl":{"start":{"line":25,"column":52},"end":{"line":25,"column":53}},"loc":{"start":{"line":25,"column":62},"end":{"line":25,"column":77}},"line":25},"7":{"name":"(anonymous_7)","decl":{"start":{"line":27,"column":2},"end":{"line":27,"column":3}},"loc":{"start":{"line":27,"column":20},"end":{"line":32,"column":3}},"line":27},"8":{"name":"(anonymous_8)","decl":{"start":{"line":31,"column":36},"end":{"line":31,"column":37}},"loc":{"start":{"line":31,"column":46},"end":{"line":31,"column":61}},"line":31}},"branchMap":{"0":{"loc":{"start":{"line":3,"column":4},"end":{"line":10,"column":5}},"type":"switch","locations":[{"start":{"line":4,"column":6},"end":{"line":5,"column":33}},{"start":{"line":6,"column":6},"end":{"line":7,"column":33}},{"start":{"line":8,"column":6},"end":{"line":9,"column":19}}],"line":3},"1":{"loc":{"start":{"line":19,"column":12},"end":{"line":19,"column":37}},"type":"binary-expr","locations":[{"start":{"line":19,"column":12},"end":{"line":19,"column":31}},{"start":{"line":19,"column":35},"end":{"line":19,"column":37}}],"line":19},"2":{"loc":{"start":{"line":22,"column":12},"end":{"line":22,"column":37}},"type":"binary-expr","locations":[{"start":{"line":22,"column":12},"end":{"line":22,"column":31}},{"start":{"line":22,"column":35},"end":{"line":22,"column":37}}],"line":22}},"s":{"0":1,"1":3,"2":1,"3":1,"4":1,"5":1,"6":1,"7":1,"8":1,"9":1,"10":1,"11":1,"12":2},"f":{"0":3,"1":1,"2":1,"3":1,"4":1,"5":1,"6":1,"7":1,"8":2},"b":{"0":[1,1,1],"1":[1,0],"2":[1,0]},"_coverageSchema":"1a1c01bbd47fc00a2c39e90264f33305004495a9","hash":"e7793e9de3d3504c9481652d16a68d33ddb213b1"}
}
